<?xml version="1.0" encoding="UTF-8"?>
<!-- Generated by org.testng.reporters.JUnitReportReporter -->
<testsuite hostname="LAPTOP-29INVL2B" failures="0" tests="1" name="offBeatDonuts_cucumber.offBeatDonuts_cucumber.AppTest" time="0.026" errors="0" timestamp="2021-12-15T18:24:01 GMT" skipped="0">
  <testcase classname="offBeatDonuts_cucumber.offBeatDonuts_cucumber.AppTest" name="shouldAnswerWithTrue" time="0.026"/>
  <system-out/>
</testsuite> <!-- offBeatDonuts_cucumber.offBeatDonuts_cucumber.AppTest -->
