<?xml version="1.0" encoding="UTF-8"?>
<!-- Generated by org.testng.reporters.JUnitReportReporter -->
<testsuite hostname="LAPTOP-29INVL2B" failures="0" tests="1" name="offBeatDonuts.AppTest" time="0.016" errors="0" timestamp="2021-12-15T18:27:05 GMT" skipped="0">
  <testcase classname="offBeatDonuts.AppTest" name="shouldAnswerWithTrue" time="0.016"/>
  <system-out/>
</testsuite> <!-- offBeatDonuts.AppTest -->
